[yony@wonton.cable.rcn.com][2015-01-18 11:28:58] Cloning 'dotfiles' repo...
[yony@wonton.cable.rcn.com][2015-01-18 11:28:58] Backing up current settings...
[yony@wonton.cable.rcn.com][2015-01-18 11:28:58] Creating new backup directory called .ybackup-2015-01-18 ...
[yony@wonton.cable.rcn.com][2015-01-18 11:28:58] Moving .vimrc ...
[yony@wonton.cable.rcn.com][2015-01-18 11:28:58] Setting up symlink .vimrc for .vimrc
[yony@wonton.cable.rcn.com][2015-01-18 11:28:58] Moving .vim/ ...
[yony@wonton.cable.rcn.com][2015-01-18 11:28:58] Setting up symlink .vim for .vim/
[yony@wonton.cable.rcn.com][2015-01-18 11:28:58] Moving .tmux.conf ...
[yony@wonton.cable.rcn.com][2015-01-18 11:28:58] Setting up symlink .tmux.conf for .tmux.conf
[yony@wonton.cable.rcn.com][2015-01-18 11:28:58] Moving .zshrc ...
[yony@wonton.cable.rcn.com][2015-01-18 11:28:58] Setting up symlink .zshrc for .zshrc
[yony@wonton.cable.rcn.com][2015-01-18 11:28:58] Moving .zprofile ...
[yony@wonton.cable.rcn.com][2015-01-18 11:28:58] Setting up symlink .zprofile for .zprofile
[yony@wonton.cable.rcn.com][2015-01-18 11:28:58] Moving powerline-zsh.py ...
[yony@wonton.cable.rcn.com][2015-01-18 11:28:58] Setting up symlink powerline-zsh.py for powerline-zsh.py
[yony@wonton.cable.rcn.com][2015-01-18 11:28:58] Setting up symlink .bashrc for .bashrc
[yony@wonton.cable.rcn.com][2015-01-18 11:28:58] Setting up symlink .bash_profile for .bash_profile
[yony@wonton.cable.rcn.com][2015-01-18 11:28:58] Moving .env ...
[yony@wonton.cable.rcn.com][2015-01-18 11:28:58] Setting up symlink .env for .env
[yony@wonton.cable.rcn.com][2015-01-18 11:28:58] Moving .aliases ...
[yony@wonton.cable.rcn.com][2015-01-18 11:28:58] Setting up symlink .aliases for .aliases
[yony@wonton.cable.rcn.com][2015-01-18 11:28:58] Pushing log changes to origin/master...
[yony@wonton.cable.rcn.com][2015-01-18 11:28:58] Setup complete.
[yony@wonton.cable.rcn.com][2015-01-18 11:29:58] Cloning 'dotfiles' repo...
[yony@wonton.cable.rcn.com][2015-01-18 11:29:58] Backing up current settings...
[yony@wonton.cable.rcn.com][2015-01-18 11:29:58] Creating new backup directory called .ybackup-2015-01-18 ...
[yony@wonton.cable.rcn.com][2015-01-18 11:29:58] Moving .vimrc ...
[yony@wonton.cable.rcn.com][2015-01-18 11:29:58] Setting up symlink .vimrc for .vimrc
[yony@wonton.cable.rcn.com][2015-01-18 11:29:58] Moving .vim/ ...
[yony@wonton.cable.rcn.com][2015-01-18 11:29:58] Setting up symlink .vim for .vim/
[yony@wonton.cable.rcn.com][2015-01-18 11:29:58] Moving .tmux.conf ...
[yony@wonton.cable.rcn.com][2015-01-18 11:29:58] Setting up symlink .tmux.conf for .tmux.conf
[yony@wonton.cable.rcn.com][2015-01-18 11:29:58] Moving .zshrc ...
[yony@wonton.cable.rcn.com][2015-01-18 11:29:58] Setting up symlink .zshrc for .zshrc
[yony@wonton.cable.rcn.com][2015-01-18 11:29:58] Moving .zprofile ...
[yony@wonton.cable.rcn.com][2015-01-18 11:29:58] Setting up symlink .zprofile for .zprofile
[yony@wonton.cable.rcn.com][2015-01-18 11:29:58] Moving powerline-zsh.py ...
[yony@wonton.cable.rcn.com][2015-01-18 11:29:58] Setting up symlink powerline-zsh.py for powerline-zsh.py
[yony@wonton.cable.rcn.com][2015-01-18 11:29:58] Setting up symlink .bashrc for .bashrc
[yony@wonton.cable.rcn.com][2015-01-18 11:29:58] Setting up symlink .bash_profile for .bash_profile
[yony@wonton.cable.rcn.com][2015-01-18 11:29:58] Moving .env ...
[yony@wonton.cable.rcn.com][2015-01-18 11:29:58] Setting up symlink .env for .env
[yony@wonton.cable.rcn.com][2015-01-18 11:29:58] Moving .aliases ...
[yony@wonton.cable.rcn.com][2015-01-18 11:29:58] Setting up symlink .aliases for .aliases
[yony@wonton.cable.rcn.com][2015-01-18 11:29:58] Pushing log changes to origin/master...
[yony@wonton.cable.rcn.com][2015-01-18 11:29:58] Setup complete.
